<?xml version="1.0" encoding="UTF-8"?>
<!-- Generated by org.testng.reporters.JUnitReportReporter -->
<testsuite hostname="DESKTOP-THIB5CD" failures="0" tests="1" name="Runner.TestNGclass" time="107.160" errors="0" timestamp="2022-12-13T08:40:20 IST" skipped="0">
  <testcase classname="Runner.TestNGclass" name="runScenario" time="107.160"/>
  <system-out/>
</testsuite> <!-- Runner.TestNGclass -->
